# JRE version: OpenJDK Runtime Environment Temurin-17.0.15+6 (17.0.15+6) (build 17.0.15+6)
# Java VM: OpenJDK 64-Bit Server VM Temurin-17.0.15+6 (17.0.15+6, mixed mode, sharing, tiered, compressed oops, compressed class ptrs, g1 gc, windows-amd64)
GC Precious Log:
 CPUs: 4 total, 4 available
 Memory: 8191M
 Large Page Support: Disabled
 NUMA Support: Disabled
 Compressed Oops: Enabled (32-bit)
 Heap Region Size: 1M
 Heap Min Capacity: 256M
 Heap Initial Capacity: 256M
 Heap Max Capacity: 512M
 Pre-touch: Disabled
 Parallel Workers: 4
 Concurrent Workers: 1
 Concurrent Refinement Workers: 4
 Periodic GC: Disabled
Heap:
 garbage-first heap   total 262144K, used 176066K [0x00000000e0000000, 0x0000000100000000)
  region size 1024K, 145 young (148480K), 13 survivors (13312K)
 Metaspace       used 62622K, committed 63296K, reserved 393216K
  class space    used 9118K, committed 9408K, reserved 327680K
GC Heap History (14 events):
Event: 0.545 GC heap before
{Heap before GC invocations=0 (full 0):
 garbage-first heap   total 262144K, used 12288K [0x00000000e0000000, 0x0000000100000000)
  region size 1024K, 13 young (13312K), 0 survivors (0K)
 Metaspace       used 809K, committed 896K, reserved 393216K
  class space    used 66K, committed 128K, reserved 327680K
}
Event: 0.550 GC heap after
{Heap after GC invocations=1 (full 0):
 garbage-first heap   total 262144K, used 1408K [0x00000000e0000000, 0x0000000100000000)
  region size 1024K, 2 young (2048K), 2 survivors (2048K)
 Metaspace       used 809K, committed 896K, reserved 393216K
  class space    used 66K, committed 128K, reserved 327680K
}
Event: 1.115 GC heap before
{Heap before GC invocations=1 (full 0):
 garbage-first heap   total 262144K, used 21888K [0x00000000e0000000, 0x0000000100000000)
  region size 1024K, 20 young (20480K), 2 survivors (2048K)
 Metaspace       used 2280K, committed 2432K, reserved 393216K
  class space    used 242K, committed 320K, reserved 327680K
}
Event: 1.122 GC heap after
{Heap after GC invocations=2 (full 0):
 garbage-first heap   total 262144K, used 9533K [0x00000000e0000000, 0x0000000100000000)
  region size 1024K, 3 young (3072K), 3 survivors (3072K)
 Metaspace       used 2280K, committed 2432K, reserved 393216K
  class space    used 242K, committed 320K, reserved 327680K
}
Event: 5.947 GC heap before
{Heap before GC invocations=2 (full 0):
 garbage-first heap   total 262144K, used 166205K [0x00000000e0000000, 0x0000000100000000)
  region size 1024K, 153 young (156672K), 3 survivors (3072K)
 Metaspace       used 19348K, committed 19712K, reserved 393216K
  class space    used 2629K, committed 2816K, reserved 327680K
}
Event: 5.973 GC heap after
{Heap after GC invocations=3 (full 0):
 garbage-first heap   total 262144K, used 21817K [0x00000000e0000000, 0x0000000100000000)
  region size 1024K, 14 young (14336K), 14 survivors (14336K)
 Metaspace       used 19348K, committed 19712K, reserved 393216K
  class space    used 2629K, committed 2816K, reserved 327680K
}
Event: 6.577 GC heap before
{Heap before GC invocations=3 (full 0):
 garbage-first heap   total 262144K, used 38201K [0x00000000e0000000, 0x0000000100000000)
  region size 1024K, 31 young (31744K), 14 survivors (14336K)
 Metaspace       used 21159K, committed 21504K, reserved 393216K
  class space    used 2927K, committed 3072K, reserved 327680K
}
Event: 6.598 GC heap after
{Heap after GC invocations=4 (full 0):
 garbage-first heap   total 262144K, used 23857K [0x00000000e0000000, 0x0000000100000000)
  region size 1024K, 2 young (2048K), 2 survivors (2048K)
 Metaspace       used 21159K, committed 21504K, reserved 393216K
  class space    used 2927K, committed 3072K, reserved 327680K
}
Event: 10.971 GC heap before
{Heap before GC invocations=5 (full 0):
 garbage-first heap   total 262144K, used 133425K [0x00000000e0000000, 0x0000000100000000)
  region size 1024K, 111 young (113664K), 2 survivors (2048K)
 Metaspace       used 35595K, committed 35968K, reserved 393216K
  class space    used 4938K, committed 5120K, reserved 327680K
}
Event: 10.987 GC heap after
{Heap after GC invocations=6 (full 0):
 garbage-first heap   total 262144K, used 28235K [0x00000000e0000000, 0x0000000100000000)
  region size 1024K, 7 young (7168K), 7 survivors (7168K)
 Metaspace       used 35595K, committed 35968K, reserved 393216K
  class space    used 4938K, committed 5120K, reserved 327680K
}
Event: 15.718 GC heap before
{Heap before GC invocations=7 (full 0):
 garbage-first heap   total 262144K, used 176715K [0x00000000e0000000, 0x0000000100000000)
  region size 1024K, 153 young (156672K), 7 survivors (7168K)
 Metaspace       used 50738K, committed 51392K, reserved 393216K
  class space    used 7540K, committed 7808K, reserved 327680K
}
Event: 15.745 GC heap after
{Heap after GC invocations=8 (full 0):
 garbage-first heap   total 262144K, used 36654K [0x00000000e0000000, 0x0000000100000000)
  region size 1024K, 15 young (15360K), 15 survivors (15360K)
 Metaspace       used 50738K, committed 51392K, reserved 393216K
  class space    used 7540K, committed 7808K, reserved 327680K
}
Event: 19.900 GC heap before
{Heap before GC invocations=8 (full 0):
 garbage-first heap   total 262144K, used 83758K [0x00000000e0000000, 0x0000000100000000)
  region size 1024K, 62 young (63488K), 15 survivors (15360K)
 Metaspace       used 59637K, committed 60288K, reserved 393216K
  class space    used 8692K, committed 9024K, reserved 327680K
}
Event: 19.924 GC heap after
{Heap after GC invocations=9 (full 0):
 garbage-first heap   total 262144K, used 40898K [0x00000000e0000000, 0x0000000100000000)
  region size 1024K, 13 young (13312K), 13 survivors (13312K)
 Metaspace       used 59637K, committed 60288K, reserved 393216K
  class space    used 8692K, committed 9024K, reserved 327680K
}

