# JRE version: OpenJDK Runtime Environment Temurin-21.0.8+9 (21.0.8+9) (build 21.0.8+9-LTS)
# Java VM: OpenJDK 64-Bit Server VM Temurin-21.0.8+9 (21.0.8+9-LTS, mixed mode, sharing, tiered, compressed oops, compressed class ptrs, parallel gc, windows-amd64)
GC Precious Log:
 CardTable entry size: 512
 CPUs: 12 total, 12 available
 Memory: 31862M
 Large Page Support: Disabled
 NUMA Support: Disabled
 Compressed Oops: Enabled (32-bit)
 Alignments: Space 512K, Generation 512K, Heap 2M
 Heap Min Capacity: 100M
 Heap Initial Capacity: 100M
 Heap Max Capacity: 2G
 Pre-touch: Disabled
 Parallel Workers: 10
Heap:
 PSYoungGen      total 19456K, used 556K [0x00000000d5580000, 0x00000000d6b80000, 0x0000000100000000)
  eden space 18944K, 2% used [0x00000000d5580000,0x00000000d560b178,0x00000000d6800000)
  from space 512K, 0% used [0x00000000d6b00000,0x00000000d6b00000,0x00000000d6b80000)
  to   space 512K, 0% used [0x00000000d6a80000,0x00000000d6a80000,0x00000000d6b00000)
 ParOldGen       total 68608K, used 41360K [0x0000000080000000, 0x0000000084300000, 0x00000000d5580000)
  object space 68608K, 60% used [0x0000000080000000,0x00000000828643f8,0x0000000084300000)
 Metaspace       used 58630K, committed 59904K, reserved 1114112K
  class space    used 6514K, committed 7040K, reserved 1048576K
GC Heap History (20 events):
Event: 14.444 GC heap after
{Heap after GC invocations=25 (full 2):
 PSYoungGen      total 23040K, used 2114K [0x00000000d5580000, 0x00000000d6e80000, 0x0000000100000000)
  eden space 20480K, 0% used [0x00000000d5580000,0x00000000d5580000,0x00000000d6980000)
  from space 2560K, 82% used [0x00000000d6980000,0x00000000d6b90810,0x00000000d6c00000)
  to   space 2560K, 0% used [0x00000000d6c00000,0x00000000d6c00000,0x00000000d6e80000)
 ParOldGen       total 68608K, used 29316K [0x0000000080000000, 0x0000000084300000, 0x00000000d5580000)
  object space 68608K, 42% used [0x0000000080000000,0x0000000081ca1378,0x0000000084300000)
 Metaspace       used 54886K, committed 56192K, reserved 1114112K
  class space    used 6153K, committed 6720K, reserved 1048576K
}
Event: 14.459 GC heap before
{Heap before GC invocations=26 (full 2):
 PSYoungGen      total 23040K, used 22594K [0x00000000d5580000, 0x00000000d6e80000, 0x0000000100000000)
  eden space 20480K, 100% used [0x00000000d5580000,0x00000000d6980000,0x00000000d6980000)
  from space 2560K, 82% used [0x00000000d6980000,0x00000000d6b90810,0x00000000d6c00000)
  to   space 2560K, 0% used [0x00000000d6c00000,0x00000000d6c00000,0x00000000d6e80000)
 ParOldGen       total 68608K, used 29316K [0x0000000080000000, 0x0000000084300000, 0x00000000d5580000)
  object space 68608K, 42% used [0x0000000080000000,0x0000000081ca1378,0x0000000084300000)
 Metaspace       used 54892K, committed 56192K, reserved 1114112K
  class space    used 6153K, committed 6720K, reserved 1048576K
}
Event: 14.460 GC heap after
{Heap after GC invocations=26 (full 2):
 PSYoungGen      total 23040K, used 2048K [0x00000000d5580000, 0x00000000d6e80000, 0x0000000100000000)
  eden space 20480K, 0% used [0x00000000d5580000,0x00000000d5580000,0x00000000d6980000)
  from space 2560K, 80% used [0x00000000d6c00000,0x00000000d6e00010,0x00000000d6e80000)
  to   space 2560K, 0% used [0x00000000d6980000,0x00000000d6980000,0x00000000d6c00000)
 ParOldGen       total 68608K, used 31315K [0x0000000080000000, 0x0000000084300000, 0x00000000d5580000)
  object space 68608K, 45% used [0x0000000080000000,0x0000000081e94ca0,0x0000000084300000)
 Metaspace       used 54892K, committed 56192K, reserved 1114112K
  class space    used 6153K, committed 6720K, reserved 1048576K
}
Event: 14.479 GC heap before
{Heap before GC invocations=27 (full 2):
 PSYoungGen      total 23040K, used 22528K [0x00000000d5580000, 0x00000000d6e80000, 0x0000000100000000)
  eden space 20480K, 100% used [0x00000000d5580000,0x00000000d6980000,0x00000000d6980000)
  from space 2560K, 80% used [0x00000000d6c00000,0x00000000d6e00010,0x00000000d6e80000)
  to   space 2560K, 0% used [0x00000000d6980000,0x00000000d6980000,0x00000000d6c00000)
 ParOldGen       total 68608K, used 31315K [0x0000000080000000, 0x0000000084300000, 0x00000000d5580000)
  object space 68608K, 45% used [0x0000000080000000,0x0000000081e94ca0,0x0000000084300000)
 Metaspace       used 54915K, committed 56256K, reserved 1114112K
  class space    used 6153K, committed 6720K, reserved 1048576K
}
Event: 14.480 GC heap after
{Heap after GC invocations=27 (full 2):
 PSYoungGen      total 23040K, used 2180K [0x00000000d5580000, 0x00000000d6e80000, 0x0000000100000000)
  eden space 20480K, 0% used [0x00000000d5580000,0x00000000d5580000,0x00000000d6980000)
  from space 2560K, 85% used [0x00000000d6980000,0x00000000d6ba1000,0x00000000d6c00000)
  to   space 2560K, 0% used [0x00000000d6c00000,0x00000000d6c00000,0x00000000d6e80000)
 ParOldGen       total 68608K, used 33211K [0x0000000080000000, 0x0000000084300000, 0x00000000d5580000)
  object space 68608K, 48% used [0x0000000080000000,0x000000008206ecb0,0x0000000084300000)
 Metaspace       used 54915K, committed 56256K, reserved 1114112K
  class space    used 6153K, committed 6720K, reserved 1048576K
}
Event: 15.303 GC heap before
{Heap before GC invocations=28 (full 2):
 PSYoungGen      total 23040K, used 22660K [0x00000000d5580000, 0x00000000d6e80000, 0x0000000100000000)
  eden space 20480K, 100% used [0x00000000d5580000,0x00000000d6980000,0x00000000d6980000)
  from space 2560K, 85% used [0x00000000d6980000,0x00000000d6ba1000,0x00000000d6c00000)
  to   space 2560K, 0% used [0x00000000d6c00000,0x00000000d6c00000,0x00000000d6e80000)
 ParOldGen       total 68608K, used 33211K [0x0000000080000000, 0x0000000084300000, 0x00000000d5580000)
  object space 68608K, 48% used [0x0000000080000000,0x000000008206ecb0,0x0000000084300000)
 Metaspace       used 54919K, committed 56256K, reserved 1114112K
  class space    used 6153K, committed 6720K, reserved 1048576K
}
Event: 15.475 GC heap after
{Heap after GC invocations=28 (full 2):
 PSYoungGen      total 22528K, used 1856K [0x00000000d5580000, 0x00000000d6e00000, 0x0000000100000000)
  eden space 20480K, 0% used [0x00000000d5580000,0x00000000d5580000,0x00000000d6980000)
  from space 2048K, 90% used [0x00000000d6c00000,0x00000000d6dd0000,0x00000000d6e00000)
  to   space 2048K, 0% used [0x00000000d6a00000,0x00000000d6a00000,0x00000000d6c00000)
 ParOldGen       total 68608K, used 35255K [0x0000000080000000, 0x0000000084300000, 0x00000000d5580000)
  object space 68608K, 51% used [0x0000000080000000,0x000000008226dc90,0x0000000084300000)
 Metaspace       used 54919K, committed 56256K, reserved 1114112K
  class space    used 6153K, committed 6720K, reserved 1048576K
}
Event: 15.499 GC heap before
{Heap before GC invocations=29 (full 2):
 PSYoungGen      total 22528K, used 22336K [0x00000000d5580000, 0x00000000d6e00000, 0x0000000100000000)
  eden space 20480K, 100% used [0x00000000d5580000,0x00000000d6980000,0x00000000d6980000)
  from space 2048K, 90% used [0x00000000d6c00000,0x00000000d6dd0000,0x00000000d6e00000)
  to   space 2048K, 0% used [0x00000000d6a00000,0x00000000d6a00000,0x00000000d6c00000)
 ParOldGen       total 68608K, used 35255K [0x0000000080000000, 0x0000000084300000, 0x00000000d5580000)
  object space 68608K, 51% used [0x0000000080000000,0x000000008226dc90,0x0000000084300000)
 Metaspace       used 54968K, committed 56256K, reserved 1114112K
  class space    used 6157K, committed 6720K, reserved 1048576K
}
Event: 15.500 GC heap after
{Heap after GC invocations=29 (full 2):
 PSYoungGen      total 22528K, used 2016K [0x00000000d5580000, 0x00000000d6d80000, 0x0000000100000000)
  eden space 20480K, 0% used [0x00000000d5580000,0x00000000d5580000,0x00000000d6980000)
  from space 2048K, 98% used [0x00000000d6a00000,0x00000000d6bf8010,0x00000000d6c00000)
  to   space 1536K, 0% used [0x00000000d6c00000,0x00000000d6c00000,0x00000000d6d80000)
 ParOldGen       total 68608K, used 36967K [0x0000000080000000, 0x0000000084300000, 0x00000000d5580000)
  object space 68608K, 53% used [0x0000000080000000,0x0000000082419c90,0x0000000084300000)
 Metaspace       used 54968K, committed 56256K, reserved 1114112K
  class space    used 6157K, committed 6720K, reserved 1048576K
}
Event: 15.536 GC heap before
{Heap before GC invocations=30 (full 2):
 PSYoungGen      total 22528K, used 22496K [0x00000000d5580000, 0x00000000d6d80000, 0x0000000100000000)
  eden space 20480K, 100% used [0x00000000d5580000,0x00000000d6980000,0x00000000d6980000)
  from space 2048K, 98% used [0x00000000d6a00000,0x00000000d6bf8010,0x00000000d6c00000)
  to   space 1536K, 0% used [0x00000000d6c00000,0x00000000d6c00000,0x00000000d6d80000)
 ParOldGen       total 68608K, used 36967K [0x0000000080000000, 0x0000000084300000, 0x00000000d5580000)
  object space 68608K, 53% used [0x0000000080000000,0x0000000082419c90,0x0000000084300000)
 Metaspace       used 54979K, committed 56256K, reserved 1114112K
  class space    used 6157K, committed 6720K, reserved 1048576K
}
Event: 15.537 GC heap after
{Heap after GC invocations=30 (full 2):
 PSYoungGen      total 20480K, used 1536K [0x00000000d5580000, 0x00000000d7180000, 0x0000000100000000)
  eden space 18944K, 0% used [0x00000000d5580000,0x00000000d5580000,0x00000000d6800000)
  from space 1536K, 100% used [0x00000000d6c00000,0x00000000d6d80000,0x00000000d6d80000)
  to   space 4096K, 0% used [0x00000000d6800000,0x00000000d6800000,0x00000000d6c00000)
 ParOldGen       total 68608K, used 38967K [0x0000000080000000, 0x0000000084300000, 0x00000000d5580000)
  object space 68608K, 56% used [0x0000000080000000,0x000000008260dca0,0x0000000084300000)
 Metaspace       used 54979K, committed 56256K, reserved 1114112K
  class space    used 6157K, committed 6720K, reserved 1048576K
}
Event: 15.675 GC heap before
{Heap before GC invocations=31 (full 2):
 PSYoungGen      total 20480K, used 20480K [0x00000000d5580000, 0x00000000d7180000, 0x0000000100000000)
  eden space 18944K, 100% used [0x00000000d5580000,0x00000000d6800000,0x00000000d6800000)
  from space 1536K, 100% used [0x00000000d6c00000,0x00000000d6d80000,0x00000000d6d80000)
  to   space 4096K, 0% used [0x00000000d6800000,0x00000000d6800000,0x00000000d6c00000)
 ParOldGen       total 68608K, used 38967K [0x0000000080000000, 0x0000000084300000, 0x00000000d5580000)
  object space 68608K, 56% used [0x0000000080000000,0x000000008260dca0,0x0000000084300000)
 Metaspace       used 57208K, committed 58560K, reserved 1114112K
  class space    used 6394K, committed 6976K, reserved 1048576K
}
Event: 15.676 GC heap after
{Heap after GC invocations=31 (full 2):
 PSYoungGen      total 22528K, used 3507K [0x00000000d5580000, 0x00000000d6f00000, 0x0000000100000000)
  eden space 18944K, 0% used [0x00000000d5580000,0x00000000d5580000,0x00000000d6800000)
  from space 3584K, 97% used [0x00000000d6800000,0x00000000d6b6cda8,0x00000000d6b80000)
  to   space 3584K, 0% used [0x00000000d6b80000,0x00000000d6b80000,0x00000000d6f00000)
 ParOldGen       total 68608K, used 40556K [0x0000000080000000, 0x0000000084300000, 0x00000000d5580000)
  object space 68608K, 59% used [0x0000000080000000,0x000000008279b1f8,0x0000000084300000)
 Metaspace       used 57208K, committed 58560K, reserved 1114112K
  class space    used 6394K, committed 6976K, reserved 1048576K
}
Event: 15.706 GC heap before
{Heap before GC invocations=32 (full 2):
 PSYoungGen      total 22528K, used 22451K [0x00000000d5580000, 0x00000000d6f00000, 0x0000000100000000)
  eden space 18944K, 100% used [0x00000000d5580000,0x00000000d6800000,0x00000000d6800000)
  from space 3584K, 97% used [0x00000000d6800000,0x00000000d6b6cda8,0x00000000d6b80000)
  to   space 3584K, 0% used [0x00000000d6b80000,0x00000000d6b80000,0x00000000d6f00000)
 ParOldGen       total 68608K, used 40556K [0x0000000080000000, 0x0000000084300000, 0x00000000d5580000)
  object space 68608K, 59% used [0x0000000080000000,0x000000008279b1f8,0x0000000084300000)
 Metaspace       used 57431K, committed 58752K, reserved 1114112K
  class space    used 6412K, committed 6976K, reserved 1048576K
}
Event: 15.707 GC heap after
{Heap after GC invocations=32 (full 2):
 PSYoungGen      total 20992K, used 1710K [0x00000000d5580000, 0x00000000d6d80000, 0x0000000100000000)
  eden space 18944K, 0% used [0x00000000d5580000,0x00000000d5580000,0x00000000d6800000)
  from space 2048K, 83% used [0x00000000d6b80000,0x00000000d6d2b818,0x00000000d6d80000)
  to   space 2560K, 0% used [0x00000000d6880000,0x00000000d6880000,0x00000000d6b00000)
 ParOldGen       total 68608K, used 43808K [0x0000000080000000, 0x0000000084300000, 0x00000000d5580000)
  object space 68608K, 63% used [0x0000000080000000,0x0000000082ac8010,0x0000000084300000)
 Metaspace       used 57431K, committed 58752K, reserved 1114112K
  class space    used 6412K, committed 6976K, reserved 1048576K
}
Event: 15.731 GC heap before
{Heap before GC invocations=33 (full 2):
 PSYoungGen      total 20992K, used 20654K [0x00000000d5580000, 0x00000000d6d80000, 0x0000000100000000)
  eden space 18944K, 100% used [0x00000000d5580000,0x00000000d6800000,0x00000000d6800000)
  from space 2048K, 83% used [0x00000000d6b80000,0x00000000d6d2b818,0x00000000d6d80000)
  to   space 2560K, 0% used [0x00000000d6880000,0x00000000d6880000,0x00000000d6b00000)
 ParOldGen       total 68608K, used 43808K [0x0000000080000000, 0x0000000084300000, 0x00000000d5580000)
  object space 68608K, 63% used [0x0000000080000000,0x0000000082ac8010,0x0000000084300000)
 Metaspace       used 57788K, committed 59072K, reserved 1114112K
  class space    used 6439K, committed 6976K, reserved 1048576K
}
Event: 15.732 GC heap after
{Heap after GC invocations=33 (full 2):
 PSYoungGen      total 21504K, used 256K [0x00000000d5580000, 0x00000000d6c00000, 0x0000000100000000)
  eden space 18944K, 0% used [0x00000000d5580000,0x00000000d5580000,0x00000000d6800000)
  from space 2560K, 10% used [0x00000000d6880000,0x00000000d68c0000,0x00000000d6b00000)
  to   space 1024K, 0% used [0x00000000d6b00000,0x00000000d6b00000,0x00000000d6c00000)
 ParOldGen       total 68608K, used 43888K [0x0000000080000000, 0x0000000084300000, 0x00000000d5580000)
  object space 68608K, 63% used [0x0000000080000000,0x0000000082adc010,0x0000000084300000)
 Metaspace       used 57788K, committed 59072K, reserved 1114112K
  class space    used 6439K, committed 6976K, reserved 1048576K
}
Event: 15.757 GC heap before
{Heap before GC invocations=34 (full 2):
 PSYoungGen      total 21504K, used 4444K [0x00000000d5580000, 0x00000000d6c00000, 0x0000000100000000)
  eden space 18944K, 22% used [0x00000000d5580000,0x00000000d5997198,0x00000000d6800000)
  from space 2560K, 10% used [0x00000000d6880000,0x00000000d68c0000,0x00000000d6b00000)
  to   space 1024K, 0% used [0x00000000d6b00000,0x00000000d6b00000,0x00000000d6c00000)
 ParOldGen       total 68608K, used 43888K [0x0000000080000000, 0x0000000084300000, 0x00000000d5580000)
  object space 68608K, 63% used [0x0000000080000000,0x0000000082adc010,0x0000000084300000)
 Metaspace       used 58494K, committed 59776K, reserved 1114112K
  class space    used 6513K, committed 7040K, reserved 1048576K
}
Event: 15.758 GC heap after
{Heap after GC invocations=34 (full 2):
 PSYoungGen      total 19456K, used 288K [0x00000000d5580000, 0x00000000d6b80000, 0x0000000100000000)
  eden space 18944K, 0% used [0x00000000d5580000,0x00000000d5580000,0x00000000d6800000)
  from space 512K, 56% used [0x00000000d6b00000,0x00000000d6b48000,0x00000000d6b80000)
  to   space 512K, 0% used [0x00000000d6a80000,0x00000000d6a80000,0x00000000d6b00000)
 ParOldGen       total 68608K, used 43952K [0x0000000080000000, 0x0000000084300000, 0x00000000d5580000)
  object space 68608K, 64% used [0x0000000080000000,0x0000000082aec010,0x0000000084300000)
 Metaspace       used 58494K, committed 59776K, reserved 1114112K
  class space    used 6513K, committed 7040K, reserved 1048576K
}
Event: 15.758 GC heap before
{Heap before GC invocations=35 (full 3):
 PSYoungGen      total 19456K, used 288K [0x00000000d5580000, 0x00000000d6b80000, 0x0000000100000000)
  eden space 18944K, 0% used [0x00000000d5580000,0x00000000d5580000,0x00000000d6800000)
  from space 512K, 56% used [0x00000000d6b00000,0x00000000d6b48000,0x00000000d6b80000)
  to   space 512K, 0% used [0x00000000d6a80000,0x00000000d6a80000,0x00000000d6b00000)
 ParOldGen       total 68608K, used 43952K [0x0000000080000000, 0x0000000084300000, 0x00000000d5580000)
  object space 68608K, 64% used [0x0000000080000000,0x0000000082aec010,0x0000000084300000)
 Metaspace       used 58494K, committed 59776K, reserved 1114112K
  class space    used 6513K, committed 7040K, reserved 1048576K
}

